<?xml version="1.0" encoding="UTF-8"?>
<!-- Generated by org.testng.reporters.JUnitXMLReporter -->
<testsuite ignored="0" hostname="DESKTOP-C84JI4A" failures="0" tests="6" name="Test" time="9.716" errors="0" timestamp="2023-08-04T02:44:14 BDT">
  <testcase classname="api.test.LoginTestcase" name="testLogout" time="2.118"/>
  <testcase classname="api.test.LoginTestcase" name="testPositiveLogin" time="1.327"/>
  <testcase classname="api.test.UserTestcase" name="testCreateUser" time="1.722"/>
  <testcase classname="api.test.UserTestcase" name="testReadUser" time="1.344"/>
  <testcase classname="api.test.UserTestcase" name="testUpdateUse" time="1.336"/>
  <testcase classname="api.test.UserTestcase" name="testDeleteUser" time="1.339"/>
</testsuite> <!-- Test -->
