<?xml version="1.0" encoding="UTF-8"?>
<!-- Generated by org.testng.reporters.JUnitXMLReporter -->
<testsuite ignored="0" hostname="DESKTOP-C84JI4A" failures="0" tests="4" name="PetStoreAPITest" time="7.168" errors="0" timestamp="2023-08-03T15:16:45 BDT">
  <testcase classname="api.test.UserCrud" name="createUserCase" time="2.555"/>
  <testcase classname="api.test.UserCrud" name="readUsercase" time="1.362"/>
  <testcase classname="api.test.UserCrud" name="updateUseCase" time="1.342"/>
  <testcase classname="api.test.UserCrud" name="deleteUserCase" time="1.345"/>
</testsuite> <!-- PetStoreAPITest -->
